# JRE version: Java(TM) SE Runtime Environment (8.0_144-b01) (build 1.8.0_144-b01)
# Java VM: Java HotSpot(TM) 64-Bit Server VM (25.144-b01 mixed mode windows-amd64 compressed oops)
Heap:
 PSYoungGen      total 151040K, used 129785K [0x00000000f5580000, 0x0000000100000000, 0x0000000100000000)
  eden space 129536K, 88% used [0x00000000f5580000,0x00000000fc4f1698,0x00000000fd400000)
  from space 21504K, 72% used [0x00000000fd400000,0x00000000fe34d158,0x00000000fe900000)
  to   space 23040K, 0% used [0x00000000fe980000,0x00000000fe980000,0x0000000100000000)
 ParOldGen       total 337408K, used 193253K [0x00000000e0000000, 0x00000000f4980000, 0x00000000f5580000)
  object space 337408K, 57% used [0x00000000e0000000,0x00000000ebcb97b8,0x00000000f4980000)
 Metaspace       used 128700K, capacity 137984K, committed 138496K, reserved 1169408K
  class space    used 16409K, capacity 18838K, committed 19200K, reserved 1048576K
GC Heap History (10 events):
Event: 447.048 GC heap before
{Heap before GC invocations=150 (full 6):
 PSYoungGen      total 148480K, used 125056K [0x00000000f5580000, 0x0000000100000000, 0x0000000100000000)
  eden space 124928K, 100% used [0x00000000f5580000,0x00000000fcf80000,0x00000000fcf80000)
  from space 23552K, 0% used [0x00000000fcf80000,0x00000000fcfa0000,0x00000000fe680000)
  to   space 24064K, 0% used [0x00000000fe880000,0x00000000fe880000,0x0000000100000000)
 ParOldGen       total 312832K, used 295334K [0x00000000e0000000, 0x00000000f3180000, 0x00000000f5580000)
  object space 312832K, 94% used [0x00000000e0000000,0x00000000f20698b8,0x00000000f3180000)
 Metaspace       used 125096K, capacity 133912K, committed 134272K, reserved 1165312K
  class space    used 15879K, capacity 18234K, committed 18560K, reserved 1048576K
Event: 447.057 GC heap after
Heap after GC invocations=150 (full 6):
 PSYoungGen      total 148480K, used 7768K [0x00000000f5580000, 0x00000000ffd80000, 0x0000000100000000)
  eden space 126976K, 0% used [0x00000000f5580000,0x00000000f5580000,0x00000000fd180000)
  from space 21504K, 36% used [0x00000000fe880000,0x00000000ff0162a8,0x00000000ffd80000)
  to   space 22528K, 0% used [0x00000000fd180000,0x00000000fd180000,0x00000000fe780000)
 ParOldGen       total 312832K, used 295358K [0x00000000e0000000, 0x00000000f3180000, 0x00000000f5580000)
  object space 312832K, 94% used [0x00000000e0000000,0x00000000f206f8c8,0x00000000f3180000)
 Metaspace       used 125096K, capacity 133912K, committed 134272K, reserved 1165312K
  class space    used 15879K, capacity 18234K, committed 18560K, reserved 1048576K
}
Event: 447.143 GC heap before
{Heap before GC invocations=151 (full 6):
 PSYoungGen      total 148480K, used 134744K [0x00000000f5580000, 0x00000000ffd80000, 0x0000000100000000)
  eden space 126976K, 100% used [0x00000000f5580000,0x00000000fd180000,0x00000000fd180000)
  from space 21504K, 36% used [0x00000000fe880000,0x00000000ff0162a8,0x00000000ffd80000)
  to   space 22528K, 0% used [0x00000000fd180000,0x00000000fd180000,0x00000000fe780000)
 ParOldGen       total 312832K, used 295427K [0x00000000e0000000, 0x00000000f3180000, 0x00000000f5580000)
  object space 312832K, 94% used [0x00000000e0000000,0x00000000f2080e48,0x00000000f3180000)
 Metaspace       used 125409K, capacity 134330K, committed 134912K, reserved 1165312K
  class space    used 15922K, capacity 18287K, committed 18688K, reserved 1048576K
Event: 447.151 GC heap after
Heap after GC invocations=151 (full 6):
 PSYoungGen      total 149504K, used 841K [0x00000000f5580000, 0x0000000100000000, 0x0000000100000000)
  eden space 126976K, 0% used [0x00000000f5580000,0x00000000f5580000,0x00000000fd180000)
  from space 22528K, 3% used [0x00000000fd180000,0x00000000fd2524d8,0x00000000fe780000)
  to   space 22528K, 0% used [0x00000000fea00000,0x00000000fea00000,0x0000000100000000)
 ParOldGen       total 312832K, used 299054K [0x00000000e0000000, 0x00000000f3180000, 0x00000000f5580000)
  object space 312832K, 95% used [0x00000000e0000000,0x00000000f240bbb8,0x00000000f3180000)
 Metaspace       used 125409K, capacity 134330K, committed 134912K, reserved 1165312K
  class space    used 15922K, capacity 18287K, committed 18688K, reserved 1048576K
}
Event: 447.151 GC heap before
{Heap before GC invocations=152 (full 7):
 PSYoungGen      total 149504K, used 841K [0x00000000f5580000, 0x0000000100000000, 0x0000000100000000)
  eden space 126976K, 0% used [0x00000000f5580000,0x00000000f5580000,0x00000000fd180000)
  from space 22528K, 3% used [0x00000000fd180000,0x00000000fd2524d8,0x00000000fe780000)
  to   space 22528K, 0% used [0x00000000fea00000,0x00000000fea00000,0x0000000100000000)
 ParOldGen       total 312832K, used 299054K [0x00000000e0000000, 0x00000000f3180000, 0x00000000f5580000)
  object space 312832K, 95% used [0x00000000e0000000,0x00000000f240bbb8,0x00000000f3180000)
 Metaspace       used 125409K, capacity 134330K, committed 134912K, reserved 1165312K
  class space    used 15922K, capacity 18287K, committed 18688K, reserved 1048576K
Event: 447.549 GC heap after
Heap after GC invocations=152 (full 7):
 PSYoungGen      total 149504K, used 0K [0x00000000f5580000, 0x0000000100000000, 0x0000000100000000)
  eden space 126976K, 0% used [0x00000000f5580000,0x00000000f5580000,0x00000000fd180000)
  from space 22528K, 0% used [0x00000000fd180000,0x00000000fd180000,0x00000000fe780000)
  to   space 22528K, 0% used [0x00000000fea00000,0x00000000fea00000,0x0000000100000000)
 ParOldGen       total 337408K, used 189533K [0x00000000e0000000, 0x00000000f4980000, 0x00000000f5580000)
  object space 337408K, 56% used [0x00000000e0000000,0x00000000eb917778,0x00000000f4980000)
 Metaspace       used 125386K, capacity 134270K, committed 134912K, reserved 1165312K
  class space    used 15914K, capacity 18273K, committed 18688K, reserved 1048576K
}
Event: 447.705 GC heap before
{Heap before GC invocations=153 (full 7):
 PSYoungGen      total 149504K, used 126976K [0x00000000f5580000, 0x0000000100000000, 0x0000000100000000)
  eden space 126976K, 100% used [0x00000000f5580000,0x00000000fd180000,0x00000000fd180000)
  from space 22528K, 0% used [0x00000000fd180000,0x00000000fd180000,0x00000000fe780000)
  to   space 22528K, 0% used [0x00000000fea00000,0x00000000fea00000,0x0000000100000000)
 ParOldGen       total 337408K, used 189535K [0x00000000e0000000, 0x00000000f4980000, 0x00000000f5580000)
  object space 337408K, 56% used [0x00000000e0000000,0x00000000eb917ff8,0x00000000f4980000)
 Metaspace       used 126404K, capacity 135398K, committed 135808K, reserved 1167360K
  class space    used 16085K, capacity 18457K, committed 18816K, reserved 1048576K
Event: 447.710 GC heap after
Heap after GC invocations=153 (full 7):
 PSYoungGen      total 150016K, used 4544K [0x00000000f5580000, 0x00000000ffe00000, 0x0000000100000000)
  eden space 129536K, 0% used [0x00000000f5580000,0x00000000f5580000,0x00000000fd400000)
  from space 20480K, 22% used [0x00000000fea00000,0x00000000fee700a0,0x00000000ffe00000)
  to   space 21504K, 0% used [0x00000000fd400000,0x00000000fd400000,0x00000000fe900000)
 ParOldGen       total 337408K, used 189543K [0x00000000e0000000, 0x00000000f4980000, 0x00000000f5580000)
  object space 337408K, 56% used [0x00000000e0000000,0x00000000eb919ff8,0x00000000f4980000)
 Metaspace       used 126404K, capacity 135398K, committed 135808K, reserved 1167360K
  class space    used 16085K, capacity 18457K, committed 18816K, reserved 1048576K
}
Event: 448.046 GC heap before
{Heap before GC invocations=154 (full 7):
 PSYoungGen      total 150016K, used 134080K [0x00000000f5580000, 0x00000000ffe00000, 0x0000000100000000)
  eden space 129536K, 100% used [0x00000000f5580000,0x00000000fd400000,0x00000000fd400000)
  from space 20480K, 22% used [0x00000000fea00000,0x00000000fee700a0,0x00000000ffe00000)
  to   space 21504K, 0% used [0x00000000fd400000,0x00000000fd400000,0x00000000fe900000)
 ParOldGen       total 337408K, used 189543K [0x00000000e0000000, 0x00000000f4980000, 0x00000000f5580000)
  object space 337408K, 56% used [0x00000000e0000000,0x00000000eb919ff8,0x00000000f4980000)
 Metaspace       used 128142K, capacity 137422K, committed 137856K, reserved 1167360K
  class space    used 16341K, capacity 18767K, committed 19072K, reserved 1048576K
Event: 448.060 GC heap after
Heap after GC invocations=154 (full 7):
 PSYoungGen      total 151040K, used 15668K [0x00000000f5580000, 0x0000000100000000, 0x0000000100000000)
  eden space 129536K, 0% used [0x00000000f5580000,0x00000000f5580000,0x00000000fd400000)
  from space 21504K, 72% used [0x00000000fd400000,0x00000000fe34d158,0x00000000fe900000)
  to   space 23040K, 0% used [0x00000000fe980000,0x00000000fe980000,0x0000000100000000)
 ParOldGen       total 337408K, used 193253K [0x00000000e0000000, 0x00000000f4980000, 0x00000000f5580000)
  object space 337408K, 57% used [0x00000000e0000000,0x00000000ebcb97b8,0x00000000f4980000)
 Metaspace       used 128142K, capacity 137422K, committed 137856K, reserved 1167360K
  class space    used 16341K, capacity 18767K, committed 19072K, reserved 1048576K
}

