# JRE version: Java(TM) SE Runtime Environment (8.0_144-b01) (build 1.8.0_144-b01)
# Java VM: Java HotSpot(TM) 64-Bit Server VM (25.144-b01 mixed mode windows-amd64 compressed oops)
Heap:
 PSYoungGen      total 146944K, used 37535K [0x00000000f5580000, 0x0000000100000000, 0x0000000100000000)
  eden space 119296K, 31% used [0x00000000f5580000,0x00000000f7a27d90,0x00000000fca00000)
  from space 27648K, 0% used [0x00000000fca00000,0x00000000fca00000,0x00000000fe500000)
  to   space 27648K, 0% used [0x00000000fe500000,0x00000000fe500000,0x0000000100000000)
 ParOldGen       total 223232K, used 38359K [0x00000000e0000000, 0x00000000eda00000, 0x00000000f5580000)
  object space 223232K, 17% used [0x00000000e0000000,0x00000000e2575e70,0x00000000eda00000)
 Metaspace       used 58115K, capacity 60620K, committed 60840K, reserved 1101824K
  class space    used 8049K, capacity 8775K, committed 8872K, reserved 1048576K
GC Heap History (10 events):
Event: 11.194 GC heap before
{Heap before GC invocations=14 (full 2):
 PSYoungGen      total 151040K, used 150984K [0x00000000f5580000, 0x0000000100000000, 0x0000000100000000)
  eden space 130560K, 100% used [0x00000000f5580000,0x00000000fd500000,0x00000000fd500000)
  from space 20480K, 99% used [0x00000000fd500000,0x00000000fe8f2160,0x00000000fe900000)
  to   space 23552K, 0% used [0x00000000fe900000,0x00000000fe900000,0x0000000100000000)
 ParOldGen       total 175104K, used 27575K [0x00000000e0000000, 0x00000000eab00000, 0x00000000f5580000)
  object space 175104K, 15% used [0x00000000e0000000,0x00000000e1aede38,0x00000000eab00000)
 Metaspace       used 50072K, capacity 52008K, committed 52136K, reserved 1093632K
  class space    used 6822K, capacity 7313K, committed 7336K, reserved 1048576K
Event: 11.203 GC heap after
Heap after GC invocations=14 (full 2):
 PSYoungGen      total 150016K, used 6592K [0x00000000f5580000, 0x0000000100000000, 0x0000000100000000)
  eden space 126464K, 0% used [0x00000000f5580000,0x00000000f5580000,0x00000000fd100000)
  from space 23552K, 27% used [0x00000000fe900000,0x00000000fef70040,0x0000000100000000)
  to   space 24064K, 0% used [0x00000000fd100000,0x00000000fd100000,0x00000000fe880000)
 ParOldGen       total 175104K, used 40937K [0x00000000e0000000, 0x00000000eab00000, 0x00000000f5580000)
  object space 175104K, 23% used [0x00000000e0000000,0x00000000e27fa410,0x00000000eab00000)
 Metaspace       used 50072K, capacity 52008K, committed 52136K, reserved 1093632K
  class space    used 6822K, capacity 7313K, committed 7336K, reserved 1048576K
}
Event: 12.224 GC heap before
{Heap before GC invocations=15 (full 2):
 PSYoungGen      total 150016K, used 133056K [0x00000000f5580000, 0x0000000100000000, 0x0000000100000000)
  eden space 126464K, 100% used [0x00000000f5580000,0x00000000fd100000,0x00000000fd100000)
  from space 23552K, 27% used [0x00000000fe900000,0x00000000fef70040,0x0000000100000000)
  to   space 24064K, 0% used [0x00000000fd100000,0x00000000fd100000,0x00000000fe880000)
 ParOldGen       total 175104K, used 40937K [0x00000000e0000000, 0x00000000eab00000, 0x00000000f5580000)
  object space 175104K, 23% used [0x00000000e0000000,0x00000000e27fa410,0x00000000eab00000)
 Metaspace       used 50157K, capacity 52008K, committed 52136K, reserved 1093632K
  class space    used 6829K, capacity 7313K, committed 7336K, reserved 1048576K
Event: 12.255 GC heap after
Heap after GC invocations=15 (full 2):
 PSYoungGen      total 149504K, used 22744K [0x00000000f5580000, 0x0000000100000000, 0x0000000100000000)
  eden space 126464K, 0% used [0x00000000f5580000,0x00000000f5580000,0x00000000fd100000)
  from space 23040K, 98% used [0x00000000fd100000,0x00000000fe736030,0x00000000fe780000)
  to   space 25088K, 0% used [0x00000000fe780000,0x00000000fe780000,0x0000000100000000)
 ParOldGen       total 175104K, used 47313K [0x00000000e0000000, 0x00000000eab00000, 0x00000000f5580000)
  object space 175104K, 27% used [0x00000000e0000000,0x00000000e2e34440,0x00000000eab00000)
 Metaspace       used 50157K, capacity 52008K, committed 52136K, reserved 1093632K
  class space    used 6829K, capacity 7313K, committed 7336K, reserved 1048576K
}
Event: 14.197 GC heap before
{Heap before GC invocations=16 (full 2):
 PSYoungGen      total 149504K, used 149208K [0x00000000f5580000, 0x0000000100000000, 0x0000000100000000)
  eden space 126464K, 100% used [0x00000000f5580000,0x00000000fd100000,0x00000000fd100000)
  from space 23040K, 98% used [0x00000000fd100000,0x00000000fe736030,0x00000000fe780000)
  to   space 25088K, 0% used [0x00000000fe780000,0x00000000fe780000,0x0000000100000000)
 ParOldGen       total 175104K, used 47313K [0x00000000e0000000, 0x00000000eab00000, 0x00000000f5580000)
  object space 175104K, 27% used [0x00000000e0000000,0x00000000e2e34440,0x00000000eab00000)
 Metaspace       used 51315K, capacity 53478K, committed 53672K, reserved 1095680K
  class space    used 7012K, capacity 7590K, committed 7592K, reserved 1048576K
Event: 14.223 GC heap after
Heap after GC invocations=16 (full 2):
 PSYoungGen      total 144384K, used 20472K [0x00000000f5580000, 0x0000000100000000, 0x0000000100000000)
  eden space 119296K, 0% used [0x00000000f5580000,0x00000000f5580000,0x00000000fca00000)
  from space 25088K, 81% used [0x00000000fe780000,0x00000000ffb7e1a8,0x0000000100000000)
  to   space 27648K, 0% used [0x00000000fca00000,0x00000000fca00000,0x00000000fe500000)
 ParOldGen       total 175104K, used 50305K [0x00000000e0000000, 0x00000000eab00000, 0x00000000f5580000)
  object space 175104K, 28% used [0x00000000e0000000,0x00000000e3120460,0x00000000eab00000)
 Metaspace       used 51315K, capacity 53478K, committed 53672K, reserved 1095680K
  class space    used 7012K, capacity 7590K, committed 7592K, reserved 1048576K
}
Event: 14.650 GC heap before
{Heap before GC invocations=17 (full 2):
 PSYoungGen      total 144384K, used 90372K [0x00000000f5580000, 0x0000000100000000, 0x0000000100000000)
  eden space 119296K, 58% used [0x00000000f5580000,0x00000000f99c2e60,0x00000000fca00000)
  from space 25088K, 81% used [0x00000000fe780000,0x00000000ffb7e1a8,0x0000000100000000)
  to   space 27648K, 0% used [0x00000000fca00000,0x00000000fca00000,0x00000000fe500000)
 ParOldGen       total 175104K, used 50305K [0x00000000e0000000, 0x00000000eab00000, 0x00000000f5580000)
  object space 175104K, 28% used [0x00000000e0000000,0x00000000e3120460,0x00000000eab00000)
 Metaspace       used 56480K, capacity 59004K, committed 59160K, reserved 1099776K
  class space    used 7809K, capacity 8504K, committed 8616K, reserved 1048576K
Event: 14.657 GC heap after
Heap after GC invocations=17 (full 2):
 PSYoungGen      total 146944K, used 7660K [0x00000000f5580000, 0x0000000100000000, 0x0000000100000000)
  eden space 119296K, 0% used [0x00000000f5580000,0x00000000f5580000,0x00000000fca00000)
  from space 27648K, 27% used [0x00000000fca00000,0x00000000fd17b1e0,0x00000000fe500000)
  to   space 27648K, 0% used [0x00000000fe500000,0x00000000fe500000,0x0000000100000000)
 ParOldGen       total 175104K, used 52693K [0x00000000e0000000, 0x00000000eab00000, 0x00000000f5580000)
  object space 175104K, 30% used [0x00000000e0000000,0x00000000e33754b0,0x00000000eab00000)
 Metaspace       used 56480K, capacity 59004K, committed 59160K, reserved 1099776K
  class space    used 7809K, capacity 8504K, committed 8616K, reserved 1048576K
}
Event: 14.657 GC heap before
{Heap before GC invocations=18 (full 3):
 PSYoungGen      total 146944K, used 7660K [0x00000000f5580000, 0x0000000100000000, 0x0000000100000000)
  eden space 119296K, 0% used [0x00000000f5580000,0x00000000f5580000,0x00000000fca00000)
  from space 27648K, 27% used [0x00000000fca00000,0x00000000fd17b1e0,0x00000000fe500000)
  to   space 27648K, 0% used [0x00000000fe500000,0x00000000fe500000,0x0000000100000000)
 ParOldGen       total 175104K, used 52693K [0x00000000e0000000, 0x00000000eab00000, 0x00000000f5580000)
  object space 175104K, 30% used [0x00000000e0000000,0x00000000e33754b0,0x00000000eab00000)
 Metaspace       used 56480K, capacity 59004K, committed 59160K, reserved 1099776K
  class space    used 7809K, capacity 8504K, committed 8616K, reserved 1048576K
Event: 14.863 GC heap after
Heap after GC invocations=18 (full 3):
 PSYoungGen      total 146944K, used 0K [0x00000000f5580000, 0x0000000100000000, 0x0000000100000000)
  eden space 119296K, 0% used [0x00000000f5580000,0x00000000f5580000,0x00000000fca00000)
  from space 27648K, 0% used [0x00000000fca00000,0x00000000fca00000,0x00000000fe500000)
  to   space 27648K, 0% used [0x00000000fe500000,0x00000000fe500000,0x0000000100000000)
 ParOldGen       total 223232K, used 38359K [0x00000000e0000000, 0x00000000eda00000, 0x00000000f5580000)
  object space 223232K, 17% used [0x00000000e0000000,0x00000000e2575e70,0x00000000eda00000)
 Metaspace       used 56436K, capacity 58860K, committed 59160K, reserved 1099776K
  class space    used 7796K, capacity 8480K, committed 8616K, reserved 1048576K
}

